<?xml version="1.0" encoding="UTF-8"?>
<testng-results skipped="0" failed="0" ignored="0" total="1" passed="1">
  <reporter-output>
  </reporter-output>
  <suite name="Default suite" duration-ms="10070" started-at="2019-07-22T10:48:30Z" finished-at="2019-07-22T10:48:40Z">
    <groups>
    </groups>
    <test name="Default test" duration-ms="10070" started-at="2019-07-22T10:48:30Z" finished-at="2019-07-22T10:48:40Z">
      <class name="basic.MyFirstScript">
        <test-method status="PASS" signature="testMavenBuild()[pri:0, instance:basic.MyFirstScript@5c7fa833]" name="testMavenBuild" duration-ms="10034" started-at="2019-07-22T10:48:30Z" finished-at="2019-07-22T10:48:40Z">
          <reporter-output>
          </reporter-output>
        </test-method> <!-- testMavenBuild -->
      </class> <!-- basic.MyFirstScript -->
    </test> <!-- Default test -->
  </suite> <!-- Default suite -->
</testng-results>
